[debug] [2020-10-27T13:11:34.011Z] ----------------------------------------------------------------------
[debug] [2020-10-27T13:11:34.014Z] Command:       /usr/local/Cellar/node@10/10.22.0/bin/node /usr/local/bin/firebase init
[debug] [2020-10-27T13:11:34.014Z] CLI Version:   8.10.0
[debug] [2020-10-27T13:11:34.014Z] Platform:      darwin
[debug] [2020-10-27T13:11:34.014Z] Node Version:  v10.22.0
[debug] [2020-10-27T13:11:34.016Z] Time:          Tue Oct 27 2020 13:11:34 GMT+0000 (Greenwich Mean Time)
[debug] [2020-10-27T13:11:34.016Z] ----------------------------------------------------------------------
[debug] [2020-10-27T13:11:34.016Z] 
[debug] [2020-10-27T13:11:34.032Z] > command requires scopes: ["email","openid","https://www.googleapis.com/auth/cloudplatformprojects.readonly","https://www.googleapis.com/auth/firebase","https://www.googleapis.com/auth/cloud-platform"]
[debug] [2020-10-27T13:11:34.032Z] > authorizing via signed-in user
[info] 
     ######## #### ########  ######## ########     ###     ######  ########
     ##        ##  ##     ## ##       ##     ##  ##   ##  ##       ##
     ######    ##  ########  ######   ########  #########  ######  ######
     ##        ##  ##    ##  ##       ##     ## ##     ##       ## ##
     ##       #### ##     ## ######## ########  ##     ##  ######  ########

You're about to initialize a Firebase project in this directory:

  /Users/joshhhbailey/Desktop/angular-project-alice

Before we get started, keep in mind:

  * You are initializing in an existing Firebase project directory

[debug] [2020-10-27T13:12:08.429Z] Error: write EIO
    at afterWriteDispatched (internal/stream_base_commons.js:78:25)
    at writeGeneric (internal/stream_base_commons.js:73:3)
    at WriteStream.Socket._writeGeneric (net.js:714:5)
    at WriteStream.Socket._write (net.js:726:8)
    at doWrite (_stream_writable.js:415:12)
    at writeOrBuffer (_stream_writable.js:399:5)
    at WriteStream.Writable.write (_stream_writable.js:299:11)
    at EventEmitter.signalExit (/usr/local/lib/node_modules/firebase-tools/node_modules/restore-cursor/index.js:7:18)
    at EventEmitter.emit (events.js:198:13)
    at EventEmitter.emit (domain.js:448:20)
    at emit (/usr/local/lib/node_modules/firebase-tools/node_modules/signal-exit/index.js:78:11)
    at process.listener (/usr/local/lib/node_modules/firebase-tools/node_modules/signal-exit/index.js:94:7)
    at process.emit (events.js:198:13)
